Library/Bee/Android/Prj/Mono2x/Gradle/launcher/build/intermediates/manifest_merge_blame_file/release/manifest-merger-blame-release-report.txt
1<?xml version="1.0" encoding="utf-8"?>
2<manifest xmlns:android="http://schemas.android.com/apk/res/android"
3    package="com.DefaultCompany.NewUnityProject"
4    android:installLocation="preferExternal"
5    android:versionCode="1"
6    android:versionName="1.0" >
7
8    <uses-sdk
9        android:minSdkVersion="22"
9-->src\main\AndroidManifest.xml
10        android:targetSdkVersion="30" />
10-->src\main\AndroidManifest.xml
11
12    <supports-screens
12-->src\main\AndroidManifest.xml:3:3-163
13        android:anyDensity="true"
13-->src\main\AndroidManifest.xml:3:135-160
14        android:largeScreens="true"
14-->src\main\AndroidManifest.xml:3:78-105
15        android:normalScreens="true"
15-->src\main\AndroidManifest.xml:3:49-77
16        android:smallScreens="true"
16-->src\main\AndroidManifest.xml:3:21-48
17        android:xlargeScreens="true" />
17-->src\main\AndroidManifest.xml:3:106-134
18
19    <uses-feature android:glEsVersion="0x00030000" />
19-->[:unityLibrary] AndroidManifest.xml:12:5-54
19-->[:unityLibrary] AndroidManifest.xml:12:19-51
20    <uses-feature
20-->[:unityLibrary] AndroidManifest.xml:13:5-15:36
21        android:name="android.hardware.vulkan.version"
21-->[:unityLibrary] AndroidManifest.xml:14:9-55
22        android:required="false" />
22-->[:unityLibrary] AndroidManifest.xml:15:9-33
23
24    <uses-permission android:name="android.permission.INTERNET" />
24-->[:unityLibrary] AndroidManifest.xml:17:5-67
24-->[:unityLibrary] AndroidManifest.xml:17:22-64
25    <uses-permission android:name="android.permission.ACCESS_NETWORK_STATE" />
25-->[:unityLibrary] AndroidManifest.xml:18:5-79
25-->[:unityLibrary] AndroidManifest.xml:18:22-76
26
27    <uses-feature
27-->[:unityLibrary] AndroidManifest.xml:20:5-22:36
28        android:name="android.hardware.touchscreen"
28-->[:unityLibrary] AndroidManifest.xml:21:9-52
29        android:required="false" />
29-->[:unityLibrary] AndroidManifest.xml:22:9-33
30    <uses-feature
30-->[:unityLibrary] AndroidManifest.xml:23:5-25:36
31        android:name="android.hardware.touchscreen.multitouch"
31-->[:unityLibrary] AndroidManifest.xml:24:9-63
32        android:required="false" />
32-->[:unityLibrary] AndroidManifest.xml:25:9-33
33    <uses-feature
33-->[:unityLibrary] AndroidManifest.xml:26:5-28:36
34        android:name="android.hardware.touchscreen.multitouch.distinct"
34-->[:unityLibrary] AndroidManifest.xml:27:9-72
35        android:required="false" />
35-->[:unityLibrary] AndroidManifest.xml:28:9-33
36
37    <uses-permission android:name="com.android.vending.BILLING" />
37-->[:billing-3.0.3:] AndroidManifest.xml:10:5-67
37-->[:billing-3.0.3:] AndroidManifest.xml:10:22-64
38
39    <application
39-->src\main\AndroidManifest.xml:4:3-83
40        android:extractNativeLibs="true"
40-->[:unityLibrary] AndroidManifest.xml:30:18-50
41        android:icon="@mipmap/app_icon"
41-->src\main\AndroidManifest.xml:4:49-80
42        android:label="@string/app_name" >
42-->src\main\AndroidManifest.xml:4:16-48
43        <activity
43-->[:unityLibrary] AndroidManifest.xml:31:9-51:20
44            android:name="com.unity3d.player.UnityPlayerActivity"
44-->[:unityLibrary] AndroidManifest.xml:32:13-66
45            android:configChanges="mcc|mnc|locale|touchscreen|keyboard|keyboardHidden|navigation|orientation|screenLayout|uiMode|screenSize|smallestScreenSize|fontScale|layoutDirection|density"
45-->[:unityLibrary] AndroidManifest.xml:33:13-194
46            android:hardwareAccelerated="false"
46-->[:unityLibrary] AndroidManifest.xml:34:13-48
47            android:launchMode="singleTask"
47-->[:unityLibrary] AndroidManifest.xml:35:13-44
48            android:resizeableActivity="false"
48-->[:unityLibrary] AndroidManifest.xml:36:13-47
49            android:screenOrientation="landscape"
49-->[:unityLibrary] AndroidManifest.xml:37:13-50
50            android:theme="@style/UnityThemeSelector" >
50-->[:unityLibrary] AndroidManifest.xml:38:13-54
51            <intent-filter>
51-->[:unityLibrary] AndroidManifest.xml:39:13-43:29
52                <action android:name="android.intent.action.MAIN" />
52-->[:unityLibrary] AndroidManifest.xml:40:17-69
52-->[:unityLibrary] AndroidManifest.xml:40:25-66
53
54                <category android:name="android.intent.category.LAUNCHER" />
54-->[:unityLibrary] AndroidManifest.xml:42:17-77
54-->[:unityLibrary] AndroidManifest.xml:42:27-74
55            </intent-filter>
56
57            <meta-data
57-->[:unityLibrary] AndroidManifest.xml:45:13-47:40
58                android:name="unityplayer.UnityActivity"
58-->[:unityLibrary] AndroidManifest.xml:46:17-57
59                android:value="true" />
59-->[:unityLibrary] AndroidManifest.xml:47:17-37
60            <meta-data
60-->[:unityLibrary] AndroidManifest.xml:48:13-50:40
61                android:name="android.notch_support"
61-->[:unityLibrary] AndroidManifest.xml:49:17-53
62                android:value="true" />
62-->[:unityLibrary] AndroidManifest.xml:50:17-37
63        </activity>
64
65        <meta-data
65-->[:unityLibrary] AndroidManifest.xml:53:9-55:33
66            android:name="unity.splash-mode"
66-->[:unityLibrary] AndroidManifest.xml:54:13-45
67            android:value="0" />
67-->[:unityLibrary] AndroidManifest.xml:55:13-30
68        <meta-data
68-->[:unityLibrary] AndroidManifest.xml:56:9-58:36
69            android:name="unity.splash-enable"
69-->[:unityLibrary] AndroidManifest.xml:57:13-47
70            android:value="True" />
70-->[:unityLibrary] AndroidManifest.xml:58:13-33
71        <meta-data
71-->[:unityLibrary] AndroidManifest.xml:59:9-61:36
72            android:name="unity.launch-fullscreen"
72-->[:unityLibrary] AndroidManifest.xml:60:13-51
73            android:value="True" />
73-->[:unityLibrary] AndroidManifest.xml:61:13-33
74        <meta-data
74-->[:unityLibrary] AndroidManifest.xml:62:9-64:37
75            android:name="unity.allow-resizable-window"
75-->[:unityLibrary] AndroidManifest.xml:63:13-56
76            android:value="False" />
76-->[:unityLibrary] AndroidManifest.xml:64:13-34
77        <meta-data
77-->[:unityLibrary] AndroidManifest.xml:65:9-67:50
78            android:name="notch.config"
78-->[:unityLibrary] AndroidManifest.xml:66:13-40
79            android:value="portrait|landscape" />
79-->[:unityLibrary] AndroidManifest.xml:67:13-47
80
81        <activity
81-->[:UnityAds:] AndroidManifest.xml:13:9-17:74
82            android:name="com.unity3d.services.ads.adunit.AdUnitActivity"
82-->[:UnityAds:] AndroidManifest.xml:14:13-74
83            android:configChanges="fontScale|keyboard|keyboardHidden|locale|mnc|mcc|navigation|orientation|screenLayout|screenSize|smallestScreenSize|uiMode|touchscreen"
83-->[:UnityAds:] AndroidManifest.xml:15:13-170
84            android:hardwareAccelerated="true"
84-->[:UnityAds:] AndroidManifest.xml:16:13-47
85            android:theme="@android:style/Theme.NoTitleBar.Fullscreen" />
85-->[:UnityAds:] AndroidManifest.xml:17:13-71
86        <activity
86-->[:UnityAds:] AndroidManifest.xml:18:9-22:86
87            android:name="com.unity3d.services.ads.adunit.AdUnitTransparentActivity"
87-->[:UnityAds:] AndroidManifest.xml:19:13-85
88            android:configChanges="fontScale|keyboard|keyboardHidden|locale|mnc|mcc|navigation|orientation|screenLayout|screenSize|smallestScreenSize|uiMode|touchscreen"
88-->[:UnityAds:] AndroidManifest.xml:20:13-170
89            android:hardwareAccelerated="true"
89-->[:UnityAds:] AndroidManifest.xml:21:13-47
90            android:theme="@android:style/Theme.Translucent.NoTitleBar.Fullscreen" />
90-->[:UnityAds:] AndroidManifest.xml:22:13-83
91        <activity
91-->[:UnityAds:] AndroidManifest.xml:23:9-27:86
92            android:name="com.unity3d.services.ads.adunit.AdUnitTransparentSoftwareActivity"
92-->[:UnityAds:] AndroidManifest.xml:24:13-93
93            android:configChanges="fontScale|keyboard|keyboardHidden|locale|mnc|mcc|navigation|orientation|screenLayout|screenSize|smallestScreenSize|uiMode|touchscreen"
93-->[:UnityAds:] AndroidManifest.xml:25:13-170
94            android:hardwareAccelerated="false"
94-->[:UnityAds:] AndroidManifest.xml:26:13-48
95            android:theme="@android:style/Theme.Translucent.NoTitleBar.Fullscreen" />
95-->[:UnityAds:] AndroidManifest.xml:27:13-83
96        <activity
96-->[:UnityAds:] AndroidManifest.xml:28:9-32:74
97            android:name="com.unity3d.services.ads.adunit.AdUnitSoftwareActivity"
97-->[:UnityAds:] AndroidManifest.xml:29:13-82
98            android:configChanges="fontScale|keyboard|keyboardHidden|locale|mnc|mcc|navigation|orientation|screenLayout|screenSize|smallestScreenSize|uiMode|touchscreen"
98-->[:UnityAds:] AndroidManifest.xml:30:13-170
99            android:hardwareAccelerated="false"
99-->[:UnityAds:] AndroidManifest.xml:31:13-48
100            android:theme="@android:style/Theme.NoTitleBar.Fullscreen" />
100-->[:UnityAds:] AndroidManifest.xml:32:13-71
101
102        <meta-data
102-->[:billing-3.0.3:] AndroidManifest.xml:13:9-15:37
103            android:name="com.google.android.play.billingclient.version"
103-->[:billing-3.0.3:] AndroidManifest.xml:14:13-73
104            android:value="3.0.3" />
104-->[:billing-3.0.3:] AndroidManifest.xml:15:13-34
105
106        <activity
106-->[:billing-3.0.3:] AndroidManifest.xml:17:9-21:75
107            android:name="com.android.billingclient.api.ProxyBillingActivity"
107-->[:billing-3.0.3:] AndroidManifest.xml:18:13-78
108            android:configChanges="keyboard|keyboardHidden|screenLayout|screenSize|orientation"
108-->[:billing-3.0.3:] AndroidManifest.xml:19:13-96
109            android:exported="false"
109-->[:billing-3.0.3:] AndroidManifest.xml:20:13-37
110            android:theme="@android:style/Theme.Translucent.NoTitleBar" />
110-->[:billing-3.0.3:] AndroidManifest.xml:21:13-72
111    </application>
112
113</manifest>